<?xml version="1.0" encoding="UTF-8"?>
<coverage generated="1776920560155" clover="3.2.0">
  <project timestamp="1776920560155" name="All files">
    <metrics statements="45" coveredstatements="39" conditionals="34" coveredconditionals="26" methods="25" coveredmethods="18" elements="104" coveredelements="83" complexity="0" loc="45" ncloc="45" packages="3" files="6" classes="6"/>
    <package name="components">
      <metrics statements="24" coveredstatements="20" conditionals="12" coveredconditionals="7" methods="15" coveredmethods="11"/>
      <file name="TaskDetailsPanel.tsx" path="/Users/estebanochoa/Desktop/Tec/Semestre6/Oracle-Java-Bot/MtdrSpring/backend/src/main/frontend/src/app/components/TaskDetailsPanel.tsx">
        <metrics statements="10" coveredstatements="6" conditionals="0" coveredconditionals="0" methods="8" coveredmethods="4"/>
        <line num="16" count="23" type="stmt"/>
        <line num="18" count="23" type="stmt"/>
        <line num="19" count="2" type="stmt"/>
        <line num="22" count="23" type="stmt"/>
        <line num="57" count="20" type="stmt"/>
        <line num="71" count="0" type="stmt"/>
        <line num="86" count="1" type="stmt"/>
        <line num="108" count="0" type="stmt"/>
        <line num="147" count="0" type="stmt"/>
        <line num="166" count="0" type="stmt"/>
      </file>
      <file name="TaskTable.tsx" path="/Users/estebanochoa/Desktop/Tec/Semestre6/Oracle-Java-Bot/MtdrSpring/backend/src/main/frontend/src/app/components/TaskTable.tsx">
        <metrics statements="10" coveredstatements="10" conditionals="12" coveredconditionals="7" methods="4" coveredmethods="4"/>
        <line num="12" count="1" type="stmt"/>
        <line num="19" count="1" type="stmt"/>
        <line num="27" count="3" type="stmt"/>
        <line num="28" count="3" type="cond" truecount="1" falsecount="1"/>
        <line num="29" count="3" type="stmt"/>
        <line num="30" count="3" type="stmt"/>
        <line num="33" count="3" type="stmt"/>
        <line num="67" count="3" type="stmt"/>
        <line num="68" count="3" type="stmt"/>
        <line num="71" count="1" type="stmt"/>
      </file>
      <file name="TeamWorkload.tsx" path="/Users/estebanochoa/Desktop/Tec/Semestre6/Oracle-Java-Bot/MtdrSpring/backend/src/main/frontend/src/app/components/TeamWorkload.tsx">
        <metrics statements="4" coveredstatements="4" conditionals="0" coveredconditionals="0" methods="3" coveredmethods="3"/>
        <line num="2" count="2" type="stmt"/>
        <line num="29" count="2" type="stmt"/>
        <line num="41" count="12" type="stmt"/>
        <line num="48" count="24" type="stmt"/>
      </file>
    </package>
    <package name="layouts">
      <metrics statements="8" coveredstatements="8" conditionals="4" coveredconditionals="4" methods="2" coveredmethods="2"/>
      <file name="MainLayout.tsx" path="/Users/estebanochoa/Desktop/Tec/Semestre6/Oracle-Java-Bot/MtdrSpring/backend/src/main/frontend/src/app/layouts/MainLayout.tsx">
        <metrics statements="8" coveredstatements="8" conditionals="4" coveredconditionals="4" methods="2" coveredmethods="2"/>
        <line num="7" count="2" type="stmt"/>
        <line num="8" count="2" type="stmt"/>
        <line num="9" count="2" type="stmt"/>
        <line num="11" count="2" type="stmt"/>
        <line num="13" count="2" type="stmt"/>
        <line num="14" count="2" type="cond" truecount="4" falsecount="0"/>
        <line num="15" count="1" type="stmt"/>
        <line num="19" count="2" type="stmt"/>
      </file>
    </package>
    <package name="pages">
      <metrics statements="13" coveredstatements="11" conditionals="18" coveredconditionals="15" methods="8" coveredmethods="5"/>
      <file name="Dashboard.tsx" path="/Users/estebanochoa/Desktop/Tec/Semestre6/Oracle-Java-Bot/MtdrSpring/backend/src/main/frontend/src/app/pages/Dashboard.tsx">
        <metrics statements="4" coveredstatements="4" conditionals="10" coveredconditionals="9" methods="2" coveredmethods="2"/>
        <line num="19" count="2" type="cond" truecount="1" falsecount="1"/>
        <line num="21" count="2" type="stmt"/>
        <line num="72" count="2" type="stmt"/>
        <line num="87" count="12" type="stmt"/>
      </file>
      <file name="Sprints.tsx" path="/Users/estebanochoa/Desktop/Tec/Semestre6/Oracle-Java-Bot/MtdrSpring/backend/src/main/frontend/src/app/pages/Sprints.tsx">
        <metrics statements="9" coveredstatements="7" conditionals="8" coveredconditionals="6" methods="6" coveredmethods="3"/>
        <line num="16" count="1" type="stmt"/>
        <line num="43" count="1" type="stmt"/>
        <line num="55" count="1" type="stmt"/>
        <line num="85" count="2" type="stmt"/>
        <line num="87" count="2" type="stmt"/>
        <line num="105" count="0" type="stmt"/>
        <line num="106" count="0" type="cond" truecount="0" falsecount="2"/>
        <line num="112" count="6" type="stmt"/>
        <line num="242" count="6" type="stmt"/>
      </file>
    </package>
  </project>
</coverage>
