{"/Users/estebanochoa/Desktop/Tec/Semestre6/Oracle-Java-Bot/MtdrSpring/backend/src/main/frontend/src/app/components/TaskDetailsPanel.tsx": {"path":"/Users/estebanochoa/Desktop/Tec/Semestre6/Oracle-Java-Bot/MtdrSpring/backend/src/main/frontend/src/app/components/TaskDetailsPanel.tsx","statementMap":{"0":{"start":{"line":16,"column":34},"end":{"line":16,"column":null}},"1":{"start":{"line":18,"column":21},"end":{"line":20,"column":null}},"2":{"start":{"line":19,"column":4},"end":{"line":19,"column":null}},"3":{"start":{"line":22,"column":2},"end":{"line":230,"column":null}},"4":{"start":{"line":57,"column":18},"end":{"line":57,"column":null}},"5":{"start":{"line":71,"column":18},"end":{"line":71,"column":null}},"6":{"start":{"line":86,"column":18},"end":{"line":89,"column":null}},"7":{"start":{"line":108,"column":18},"end":{"line":111,"column":null}},"8":{"start":{"line":147,"column":22},"end":{"line":150,"column":null}},"9":{"start":{"line":166,"column":22},"end":{"line":169,"column":null}}},"fnMap":{"0":{"name":"TaskDetailsPanel","decl":{"start":{"line":11,"column":24},"end":{"line":11,"column":41}},"loc":{"start":{"line":15,"column":26},"end":{"line":232,"column":null}},"line":15},"1":{"name":"(anonymous_1)","decl":{"start":{"line":18,"column":21},"end":{"line":18,"column":27}},"loc":{"start":{"line":18,"column":27},"end":{"line":20,"column":null}},"line":18},"2":{"name":"(anonymous_2)","decl":{"start":{"line":56,"column":26},"end":{"line":56,"column":27}},"loc":{"start":{"line":57,"column":18},"end":{"line":57,"column":null}},"line":57},"3":{"name":"(anonymous_3)","decl":{"start":{"line":70,"column":26},"end":{"line":70,"column":27}},"loc":{"start":{"line":71,"column":18},"end":{"line":71,"column":null}},"line":71},"4":{"name":"(anonymous_4)","decl":{"start":{"line":85,"column":26},"end":{"line":85,"column":27}},"loc":{"start":{"line":86,"column":18},"end":{"line":89,"column":null}},"line":86},"5":{"name":"(anonymous_5)","decl":{"start":{"line":107,"column":26},"end":{"line":107,"column":27}},"loc":{"start":{"line":108,"column":18},"end":{"line":111,"column":null}},"line":108},"6":{"name":"(anonymous_6)","decl":{"start":{"line":146,"column":30},"end":{"line":146,"column":31}},"loc":{"start":{"line":147,"column":22},"end":{"line":150,"column":null}},"line":147},"7":{"name":"(anonymous_7)","decl":{"start":{"line":165,"column":30},"end":{"line":165,"column":31}},"loc":{"start":{"line":166,"column":22},"end":{"line":169,"column":null}},"line":166}},"branchMap":{},"s":{"0":23,"1":23,"2":2,"3":23,"4":20,"5":0,"6":1,"7":0,"8":0,"9":0},"f":{"0":23,"1":2,"2":20,"3":0,"4":1,"5":0,"6":0,"7":0},"b":{},"meta":{"lastBranch":0,"lastFunction":8,"lastStatement":10,"seen":{"f:11:24:11:41":0,"s:16:34:16:Infinity":0,"s:18:21:20:Infinity":1,"f:18:21:18:27":1,"s:19:4:19:Infinity":2,"s:22:2:230:Infinity":3,"f:56:26:56:27":2,"s:57:18:57:Infinity":4,"f:70:26:70:27":3,"s:71:18:71:Infinity":5,"f:85:26:85:27":4,"s:86:18:89:Infinity":6,"f:107:26:107:27":5,"s:108:18:111:Infinity":7,"f:146:30:146:31":6,"s:147:22:150:Infinity":8,"f:165:30:165:31":7,"s:166:22:169:Infinity":9}}}
,"/Users/estebanochoa/Desktop/Tec/Semestre6/Oracle-Java-Bot/MtdrSpring/backend/src/main/frontend/src/app/components/TaskTable.tsx": {"path":"/Users/estebanochoa/Desktop/Tec/Semestre6/Oracle-Java-Bot/MtdrSpring/backend/src/main/frontend/src/app/components/TaskTable.tsx","statementMap":{"0":{"start":{"line":12,"column":4},"end":{"line":17,"column":null}},"1":{"start":{"line":19,"column":71},"end":{"line":24,"column":null}},"2":{"start":{"line":27,"column":23},"end":{"line":31,"column":null}},"3":{"start":{"line":28,"column":4},"end":{"line":28,"column":null}},"4":{"start":{"line":28,"column":22},"end":{"line":28,"column":null}},"5":{"start":{"line":29,"column":10},"end":{"line":29,"column":null}},"6":{"start":{"line":30,"column":4},"end":{"line":30,"column":null}},"7":{"start":{"line":33,"column":2},"end":{"line":148,"column":null}},"8":{"start":{"line":67,"column":32},"end":{"line":67,"column":null}},"9":{"start":{"line":68,"column":14},"end":{"line":142,"column":null}},"10":{"start":{"line":71,"column":33},"end":{"line":71,"column":null}}},"fnMap":{"0":{"name":"TaskTable","decl":{"start":{"line":26,"column":24},"end":{"line":26,"column":34}},"loc":{"start":{"line":26,"column":75},"end":{"line":150,"column":null}},"line":26},"1":{"name":"(anonymous_1)","decl":{"start":{"line":27,"column":23},"end":{"line":27,"column":24}},"loc":{"start":{"line":27,"column":62},"end":{"line":31,"column":null}},"line":27},"2":{"name":"(anonymous_2)","decl":{"start":{"line":66,"column":23},"end":{"line":66,"column":24}},"loc":{"start":{"line":66,"column":33},"end":{"line":144,"column":13}},"line":66},"3":{"name":"(anonymous_3)","decl":{"start":{"line":71,"column":27},"end":{"line":71,"column":33}},"loc":{"start":{"line":71,"column":33},"end":{"line":71,"column":null}},"line":71}},"branchMap":{"0":{"loc":{"start":{"line":28,"column":4},"end":{"line":28,"column":null}},"type":"if","locations":[{"start":{"line":28,"column":4},"end":{"line":28,"column":null}},{"start":{},"end":{}}],"line":28},"1":{"loc":{"start":{"line":120,"column":23},"end":{"line":120,"column":null}},"type":"cond-expr","locations":[{"start":{"line":120,"column":45},"end":{"line":120,"column":69}},{"start":{"line":120,"column":69},"end":{"line":120,"column":null}}],"line":120},"2":{"loc":{"start":{"line":124,"column":21},"end":{"line":139,"column":null}},"type":"cond-expr","locations":[{"start":{"line":125,"column":22},"end":{"line":137,"column":null}},{"start":{"line":139,"column":22},"end":{"line":139,"column":null}}],"line":124},"3":{"loc":{"start":{"line":126,"column":25},"end":{"line":127,"column":null}},"type":"binary-expr","locations":[{"start":{"line":126,"column":25},"end":{"line":126,"column":null}},{"start":{"line":127,"column":26},"end":{"line":127,"column":null}}],"line":126},"4":{"loc":{"start":{"line":131,"column":28},"end":{"line":131,"column":null}},"type":"cond-expr","locations":[{"start":{"line":131,"column":44},"end":{"line":131,"column":63}},{"start":{"line":131,"column":63},"end":{"line":131,"column":null}}],"line":131},"5":{"loc":{"start":{"line":134,"column":27},"end":{"line":134,"column":null}},"type":"cond-expr","locations":[{"start":{"line":134,"column":43},"end":{"line":134,"column":49}},{"start":{"line":134,"column":49},"end":{"line":134,"column":null}}],"line":134}},"s":{"0":1,"1":1,"2":3,"3":3,"4":0,"5":3,"6":3,"7":3,"8":3,"9":3,"10":1},"f":{"0":3,"1":3,"2":3,"3":1},"b":{"0":[0,3],"1":[3,0],"2":[3,0],"3":[3,3],"4":[0,3],"5":[0,3]},"meta":{"lastBranch":6,"lastFunction":4,"lastStatement":11,"seen":{"s:12:4:17:Infinity":0,"s:19:71:24:Infinity":1,"f:26:24:26:34":0,"s:27:23:31:Infinity":2,"f:27:23:27:24":1,"b:28:4:28:Infinity:undefined:undefined:undefined:undefined":0,"s:28:4:28:Infinity":3,"s:28:22:28:Infinity":4,"s:29:10:29:Infinity":5,"s:30:4:30:Infinity":6,"s:33:2:148:Infinity":7,"f:66:23:66:24":2,"s:67:32:67:Infinity":8,"s:68:14:142:Infinity":9,"f:71:27:71:33":3,"s:71:33:71:Infinity":10,"b:120:45:120:69:120:69:120:Infinity":1,"b:125:22:137:Infinity:139:22:139:Infinity":2,"b:126:25:126:Infinity:127:26:127:Infinity":3,"b:131:44:131:63:131:63:131:Infinity":4,"b:134:43:134:49:134:49:134:Infinity":5}}}
,"/Users/estebanochoa/Desktop/Tec/Semestre6/Oracle-Java-Bot/MtdrSpring/backend/src/main/frontend/src/app/components/TeamWorkload.tsx": {"path":"/Users/estebanochoa/Desktop/Tec/Semestre6/Oracle-Java-Bot/MtdrSpring/backend/src/main/frontend/src/app/components/TeamWorkload.tsx","statementMap":{"0":{"start":{"line":2,"column":21},"end":{"line":9,"column":null}},"1":{"start":{"line":11,"column":2},"end":{"line":54,"column":null}},"2":{"start":{"line":23,"column":10},"end":{"line":51,"column":null}},"3":{"start":{"line":28,"column":52},"end":{"line":28,"column":56}}},"fnMap":{"0":{"name":"TeamWorkload","decl":{"start":{"line":1,"column":24},"end":{"line":1,"column":39}},"loc":{"start":{"line":1,"column":39},"end":{"line":56,"column":null}},"line":1},"1":{"name":"(anonymous_1)","decl":{"start":{"line":22,"column":24},"end":{"line":22,"column":25}},"loc":{"start":{"line":23,"column":10},"end":{"line":51,"column":null}},"line":23},"2":{"name":"(anonymous_2)","decl":{"start":{"line":28,"column":45},"end":{"line":28,"column":46}},"loc":{"start":{"line":28,"column":52},"end":{"line":28,"column":56}},"line":28}},"branchMap":{},"s":{"0":2,"1":2,"2":12,"3":24},"f":{"0":2,"1":12,"2":24},"b":{},"meta":{"lastBranch":0,"lastFunction":3,"lastStatement":4,"seen":{"f:1:24:1:39":0,"s:2:21:9:Infinity":0,"s:11:2:54:Infinity":1,"f:22:24:22:25":1,"s:23:10:51:Infinity":2,"f:28:45:28:46":2,"s:28:52:28:56":3}}}
,"/Users/estebanochoa/Desktop/Tec/Semestre6/Oracle-Java-Bot/MtdrSpring/backend/src/main/frontend/src/app/layouts/MainLayout.tsx": {"path":"/Users/estebanochoa/Desktop/Tec/Semestre6/Oracle-Java-Bot/MtdrSpring/backend/src/main/frontend/src/app/layouts/MainLayout.tsx","statementMap":{"0":{"start":{"line":7,"column":8},"end":{"line":7,"column":null}},"1":{"start":{"line":8,"column":8},"end":{"line":8,"column":null}},"2":{"start":{"line":9,"column":46},"end":{"line":9,"column":null}},"3":{"start":{"line":11,"column":2},"end":{"line":17,"column":null}},"4":{"start":{"line":13,"column":22},"end":{"line":13,"column":null}},"5":{"start":{"line":14,"column":4},"end":{"line":16,"column":null}},"6":{"start":{"line":15,"column":6},"end":{"line":15,"column":null}},"7":{"start":{"line":19,"column":2},"end":{"line":31,"column":null}}},"fnMap":{"0":{"name":"MainLayout","decl":{"start":{"line":6,"column":24},"end":{"line":6,"column":37}},"loc":{"start":{"line":6,"column":37},"end":{"line":33,"column":null}},"line":6},"1":{"name":"(anonymous_1)","decl":{"start":{"line":11,"column":12},"end":{"line":11,"column":18}},"loc":{"start":{"line":11,"column":18},"end":{"line":17,"column":5}},"line":11}},"branchMap":{"0":{"loc":{"start":{"line":14,"column":4},"end":{"line":16,"column":null}},"type":"if","locations":[{"start":{"line":14,"column":4},"end":{"line":16,"column":null}},{"start":{},"end":{}}],"line":14},"1":{"loc":{"start":{"line":14,"column":8},"end":{"line":14,"column":49}},"type":"binary-expr","locations":[{"start":{"line":14,"column":8},"end":{"line":14,"column":22}},{"start":{"line":14,"column":22},"end":{"line":14,"column":49}}],"line":14}},"s":{"0":2,"1":2,"2":2,"3":2,"4":2,"5":2,"6":1,"7":2},"f":{"0":2,"1":2},"b":{"0":[1,1],"1":[2,1]},"meta":{"lastBranch":2,"lastFunction":2,"lastStatement":8,"seen":{"f:6:24:6:37":0,"s:7:8:7:Infinity":0,"s:8:8:8:Infinity":1,"s:9:46:9:Infinity":2,"s:11:2:17:Infinity":3,"f:11:12:11:18":1,"s:13:22:13:Infinity":4,"b:14:4:16:Infinity:undefined:undefined:undefined:undefined":0,"s:14:4:16:Infinity":5,"b:14:8:14:22:14:22:14:49":1,"s:15:6:15:Infinity":6,"s:19:2:31:Infinity":7}}}
,"/Users/estebanochoa/Desktop/Tec/Semestre6/Oracle-Java-Bot/MtdrSpring/backend/src/main/frontend/src/app/pages/Dashboard.tsx": {"path":"/Users/estebanochoa/Desktop/Tec/Semestre6/Oracle-Java-Bot/MtdrSpring/backend/src/main/frontend/src/app/pages/Dashboard.tsx","statementMap":{"0":{"start":{"line":19,"column":19},"end":{"line":19,"column":null}},"1":{"start":{"line":21,"column":18},"end":{"line":70,"column":null}},"2":{"start":{"line":72,"column":2},"end":{"line":113,"column":null}},"3":{"start":{"line":87,"column":10},"end":{"line":87,"column":null}}},"fnMap":{"0":{"name":"Dashboard","decl":{"start":{"line":17,"column":24},"end":{"line":17,"column":36}},"loc":{"start":{"line":17,"column":36},"end":{"line":115,"column":null}},"line":17},"1":{"name":"(anonymous_1)","decl":{"start":{"line":86,"column":21},"end":{"line":86,"column":22}},"loc":{"start":{"line":87,"column":10},"end":{"line":87,"column":null}},"line":87}},"branchMap":{"0":{"loc":{"start":{"line":19,"column":19},"end":{"line":19,"column":null}},"type":"binary-expr","locations":[{"start":{"line":19,"column":19},"end":{"line":19,"column":55}},{"start":{"line":19,"column":55},"end":{"line":19,"column":null}}],"line":19},"1":{"loc":{"start":{"line":95,"column":9},"end":{"line":95,"column":null}},"type":"cond-expr","locations":[{"start":{"line":95,"column":53},"end":{"line":95,"column":73}},{"start":{"line":95,"column":73},"end":{"line":95,"column":null}}],"line":95},"2":{"loc":{"start":{"line":95,"column":9},"end":{"line":95,"column":53}},"type":"binary-expr","locations":[{"start":{"line":95,"column":9},"end":{"line":95,"column":33}},{"start":{"line":95,"column":33},"end":{"line":95,"column":53}}],"line":95},"3":{"loc":{"start":{"line":101,"column":9},"end":{"line":101,"column":null}},"type":"cond-expr","locations":[{"start":{"line":101,"column":53},"end":{"line":101,"column":73}},{"start":{"line":101,"column":73},"end":{"line":101,"column":null}}],"line":101},"4":{"loc":{"start":{"line":101,"column":9},"end":{"line":101,"column":53}},"type":"binary-expr","locations":[{"start":{"line":101,"column":9},"end":{"line":101,"column":33}},{"start":{"line":101,"column":33},"end":{"line":101,"column":53}}],"line":101}},"s":{"0":2,"1":2,"2":2,"3":12},"f":{"0":2,"1":12},"b":{"0":[2,0],"1":[1,1],"2":[2,1],"3":[1,1],"4":[2,1]},"meta":{"lastBranch":5,"lastFunction":2,"lastStatement":4,"seen":{"f:17:24:17:36":0,"s:19:19:19:Infinity":0,"b:19:19:19:55:19:55:19:Infinity":0,"s:21:18:70:Infinity":1,"s:72:2:113:Infinity":2,"f:86:21:86:22":1,"s:87:10:87:Infinity":3,"b:95:53:95:73:95:73:95:Infinity":1,"b:95:9:95:33:95:33:95:53":2,"b:101:53:101:73:101:73:101:Infinity":3,"b:101:9:101:33:101:33:101:53":4}}}
,"/Users/estebanochoa/Desktop/Tec/Semestre6/Oracle-Java-Bot/MtdrSpring/backend/src/main/frontend/src/app/pages/Sprints.tsx": {"path":"/Users/estebanochoa/Desktop/Tec/Semestre6/Oracle-Java-Bot/MtdrSpring/backend/src/main/frontend/src/app/pages/Sprints.tsx","statementMap":{"0":{"start":{"line":8,"column":19},"end":{"line":12,"column":null}},"1":{"start":{"line":14,"column":21},"end":{"line":23,"column":null}},"2":{"start":{"line":26,"column":28},"end":{"line":53,"column":null}},"3":{"start":{"line":56,"column":42},"end":{"line":56,"column":null}},"4":{"start":{"line":58,"column":2},"end":{"line":246,"column":null}},"5":{"start":{"line":76,"column":12},"end":{"line":78,"column":null}},"6":{"start":{"line":77,"column":37},"end":{"line":77,"column":60}},"7":{"start":{"line":83,"column":12},"end":{"line":85,"column":null}},"8":{"start":{"line":209,"column":12},"end":{"line":234,"column":null}}},"fnMap":{"0":{"name":"Sprints","decl":{"start":{"line":55,"column":24},"end":{"line":55,"column":34}},"loc":{"start":{"line":55,"column":34},"end":{"line":248,"column":null}},"line":55},"1":{"name":"(anonymous_1)","decl":{"start":{"line":75,"column":20},"end":{"line":75,"column":21}},"loc":{"start":{"line":76,"column":12},"end":{"line":78,"column":null}},"line":76},"2":{"name":"(anonymous_2)","decl":{"start":{"line":77,"column":30},"end":{"line":77,"column":31}},"loc":{"start":{"line":77,"column":37},"end":{"line":77,"column":60}},"line":77},"3":{"name":"(anonymous_3)","decl":{"start":{"line":82,"column":26},"end":{"line":82,"column":27}},"loc":{"start":{"line":83,"column":12},"end":{"line":85,"column":null}},"line":83},"4":{"name":"(anonymous_4)","decl":{"start":{"line":208,"column":26},"end":{"line":208,"column":27}},"loc":{"start":{"line":209,"column":12},"end":{"line":234,"column":null}},"line":209},"5":{"name":"(anonymous_5)","decl":{"start":{"line":244,"column":53},"end":{"line":244,"column":59}},"loc":{"start":{"line":244,"column":59},"end":{"line":244,"column":63}},"line":244}},"branchMap":{"0":{"loc":{"start":{"line":77,"column":14},"end":{"line":77,"column":null}},"type":"binary-expr","locations":[{"start":{"line":77,"column":14},"end":{"line":77,"column":65}},{"start":{"line":77,"column":65},"end":{"line":77,"column":null}}],"line":77},"1":{"loc":{"start":{"line":84,"column":29},"end":{"line":84,"column":null}},"type":"cond-expr","locations":[{"start":{"line":84,"column":58},"end":{"line":84,"column":71}},{"start":{"line":84,"column":71},"end":{"line":84,"column":null}}],"line":84},"2":{"loc":{"start":{"line":219,"column":22},"end":{"line":221,"column":null}},"type":"cond-expr","locations":[{"start":{"line":220,"column":26},"end":{"line":220,"column":null}},{"start":{"line":221,"column":26},"end":{"line":221,"column":null}}],"line":219},"3":{"loc":{"start":{"line":224,"column":21},"end":{"line":224,"column":null}},"type":"cond-expr","locations":[{"start":{"line":224,"column":50},"end":{"line":224,"column":61}},{"start":{"line":224,"column":61},"end":{"line":224,"column":null}}],"line":224}},"s":{"0":1,"1":1,"2":1,"3":2,"4":2,"5":0,"6":0,"7":6,"8":6},"f":{"0":2,"1":0,"2":0,"3":6,"4":6,"5":0},"b":{"0":[0,0],"1":[2,4],"2":[2,4],"3":[2,4]},"meta":{"lastBranch":4,"lastFunction":6,"lastStatement":9,"seen":{"s:8:19:12:Infinity":0,"s:14:21:23:Infinity":1,"s:26:28:53:Infinity":2,"f:55:24:55:34":0,"s:56:42:56:Infinity":3,"s:58:2:246:Infinity":4,"f:75:20:75:21":1,"s:76:12:78:Infinity":5,"b:77:14:77:65:77:65:77:Infinity":0,"f:77:30:77:31":2,"s:77:37:77:60":6,"f:82:26:82:27":3,"s:83:12:85:Infinity":7,"b:84:58:84:71:84:71:84:Infinity":1,"f:208:26:208:27":4,"s:209:12:234:Infinity":8,"b:220:26:220:Infinity:221:26:221:Infinity":2,"b:224:50:224:61:224:61:224:Infinity":3,"f:244:53:244:59":5}}}
}
